
Errors reported: 0

L1.1 Data Cache Stats: 
	Hits:      2788781
	Misses:    163502
	Accesses:  2952283
L1.2 Data Cache Stats: 
	Hits:      2533959
	Misses:    186925
	Accesses:  2720884
L1.3 Data Cache Stats: 
	Hits:      2072075
	Misses:    172513
	Accesses:  2244588
L1.4 Data Cache Stats: 
	Hits:      1904897
	Misses:    177348
	Accesses:  2082245

Bus Stats: 
	busReads:     611474
	busWrites:    88814
	busUpgrades:  0

Dram Stats: 
	Access:  1398531
	Reads:   700288
	Written: 698243

	Data read:   43768 kbyte
	Data written: 43640 kbyte

