
Errors reported: 0

L1.1 Data Cache Stats: 
	Hits:      2901166
	Misses:    51117
	Accesses:  2952283
L1.2 Data Cache Stats: 
	Hits:      2685933
	Misses:    34951
	Accesses:  2720884
L1.3 Data Cache Stats: 
	Hits:      2207666
	Misses:    36922
	Accesses:  2244588
L1.4 Data Cache Stats: 
	Hits:      2053212
	Misses:    29033
	Accesses:  2082245

Bus Stats: 
	busReads:     57980
	busWrites:    94043
	busUpgrades:  42143

Dram Stats: 
	Access:  287749
	Reads:   152023
	Written: 135726

	Data read:   9501 kbyte
	Data written: 8482 kbyte

